{
  "uid" : "4b4757e66a1912dae1a509f688f20b0f",
  "children" : [ {
    "name" : "Test defects",
    "children" : [ {
      "name" : "Request failed with status code 500",
      "children" : [ {
        "name" : "shouldCreateAcccountWithEthersJs",
        "uid" : "3d714d3d2e23af81",
        "parentUid" : "fc59132079d939df6f53fa9448b2eaca",
        "status" : "broken",
        "time" : {
          "start" : 1636983216931,
          "stop" : 1636983217518,
          "duration" : 587
        },
        "flaky" : false,
        "newFailed" : false,
        "parameters" : [ ]
      } ],
      "uid" : "fc59132079d939df6f53fa9448b2eaca"
    }, {
      "name" : "ENS name not configured (operation=\"resolveName(\\\"ethers.eth\\\")\", code=UNSUPPORTED_OPERATION, version=providers/5.4.5)",
      "children" : [ {
        "name" : "testQueryingBlockchain",
        "uid" : "5364078104e85945",
        "parentUid" : "e7b99caf229df3f4350c94d3cb9e2152",
        "status" : "broken",
        "time" : {
          "start" : 1636983219139,
          "stop" : 1636983220483,
          "duration" : 1344
        },
        "flaky" : false,
        "newFailed" : false,
        "parameters" : [ ]
      } ],
      "uid" : "e7b99caf229df3f4350c94d3cb9e2152"
    }, {
      "name" : "processing response error (body=\"{\\\"jsonrpc\\\": \\\"2.0\\\", \\\"id\\\": 45, \\\"error\\\": {\\\"code\\\": -32000, \\\"message\\\": \\\"'EthereumModel' object has no attribute 'eth_accounts'\\\"}}\", error={\"code\":-32000}, requestBody=\"{\\\"method\\\":\\\"eth_accounts\\\",\\\"params\\\":[],\\\"id\\\":45,\\\"jsonrpc\\\":\\\"2.0\\\"}\", requestMethod=\"POST\", url=\"https://proxy.teststand.neontest.xyz/solana\", code=SERVER_ERROR, version=web/5.4.0)",
      "children" : [ {
        "name" : "testWritingToTheBlockchain",
        "uid" : "ece009af655a9b36",
        "parentUid" : "24cd5625e0b80650e312fb8f4dfe82bc",
        "status" : "broken",
        "time" : {
          "start" : 1636983220486,
          "stop" : 1636983221385,
          "duration" : 899
        },
        "flaky" : false,
        "newFailed" : false,
        "parameters" : [ ]
      } ],
      "uid" : "24cd5625e0b80650e312fb8f4dfe82bc"
    }, {
      "name" : "resolver or addr is not configured for ENS name (argument=\"name\", value=\"dai.tokens.ethers.eth\", code=INVALID_ARGUMENT, version=contracts/5.4.1)",
      "children" : [ {
        "name" : "testReadOnlyMethods",
        "uid" : "2fc76434babeca0e",
        "parentUid" : "f691d142a21ba4d36298b566fe753fd0",
        "status" : "broken",
        "time" : {
          "start" : 1636983221398,
          "stop" : 1636983221981,
          "duration" : 583
        },
        "flaky" : false,
        "newFailed" : false,
        "parameters" : [ ]
      } ],
      "uid" : "f691d142a21ba4d36298b566fe753fd0"
    }, {
      "name" : "processing response error (body=\"{\\\"jsonrpc\\\": \\\"2.0\\\", \\\"id\\\": 42, \\\"error\\\": {\\\"code\\\": -32000, \\\"message\\\": \\\"'EthereumModel' object has no attribute 'eth_accounts'\\\"}}\", error={\"code\":-32000}, requestBody=\"{\\\"method\\\":\\\"eth_accounts\\\",\\\"params\\\":[],\\\"id\\\":42,\\\"jsonrpc\\\":\\\"2.0\\\"}\", requestMethod=\"POST\", url=\"https://proxy.teststand.neontest.xyz/solana\", code=SERVER_ERROR, version=web/5.4.0)",
      "children" : [ {
        "name" : "testQueryHistoricEvents",
        "uid" : "84ff7cb52bbe09",
        "parentUid" : "89eeefe7b76d90547d8f5b242d33bdcf",
        "status" : "broken",
        "time" : {
          "start" : 1636983221991,
          "stop" : 1636983222278,
          "duration" : 287
        },
        "flaky" : false,
        "newFailed" : false,
        "parameters" : [ ]
      }, {
        "name" : "testSigningMessages",
        "uid" : "2a6dcd84b554d27a",
        "parentUid" : "89eeefe7b76d90547d8f5b242d33bdcf",
        "status" : "broken",
        "time" : {
          "start" : 1636983222280,
          "stop" : 1636983222566,
          "duration" : 286
        },
        "flaky" : false,
        "newFailed" : false,
        "parameters" : [ ]
      } ],
      "uid" : "89eeefe7b76d90547d8f5b242d33bdcf"
    }, {
      "name" : "ethjs_provider_http_1.HttpProvider is not a constructor",
      "children" : [ {
        "name" : "test01",
        "uid" : "4e2a8363b6491f36",
        "parentUid" : "426a702f588cd18af2cb78ab4240139d",
        "status" : "broken",
        "time" : {
          "start" : 1636983222578,
          "stop" : 1636983222585,
          "duration" : 7
        },
        "flaky" : false,
        "newFailed" : false,
        "parameters" : [ ]
      } ],
      "uid" : "426a702f588cd18af2cb78ab4240139d"
    }, {
      "name" : "'EthereumModel' object has no attribute 'eth_accounts'",
      "children" : [ {
        "name" : "Should return the new greeting once it's changed",
        "uid" : "295075bb0f164363",
        "parentUid" : "e991f17fad413e6355747c09e6da3ec9",
        "status" : "broken",
        "time" : {
          "start" : 1636983228117,
          "stop" : 1636983228787,
          "duration" : 670
        },
        "flaky" : false,
        "newFailed" : false,
        "parameters" : [ ]
      } ],
      "uid" : "e991f17fad413e6355747c09e6da3ec9"
    } ],
    "uid" : "bdbf199525818fae7a8651db9eafe741"
  }, {
    "name" : "Product defects",
    "children" : [ {
      "name" : "AssertionError: assert 'Error: Coul... any sources' not in '/home/runne...ttempt #1.\\n'\n  'Error: Could not f...ns from any sources' is contained here:\n           ^\n    \n    Error: Could not find artifacts for Migrations from any sources\n        at Resolver.require (/home/runner/work/neon-compatibility/neon-compatibility/node_modules/truffle/build/webpack:/packages/resolver/dist/lib/resolver.js:61:1)\n        at Object.require (/home/runner/work/neon-compatibility/neon-compatibility/node_modules/truffle/build/webpack:/packages/migrate/index.js:172:1)\n        at ResolverIntercept.require (/home/runner/work/neon-compatibility/neon-compatibility/node_modules/truffle/build/webpack:/packages/migrate/ResolverIntercept.js:22:1)\n        at /home/runner/work/neon-compatibility/neon-compatibility/OpenZeppelin/migrations/1_initial_migration.js:1:30\n        at Script.runInContext (vm.js:144:12)\n        at Script.runInNewContext (vm.js:149:17)\n        at Object.file (/home/runner/work/neon-compatibility/neon-compatibility/node_modules/truffle/build/webpack:/packages/require/require.js:94:1)\n        at Migration._load (/home/runner/work/neon-compatibility/neon-compatibility/node_modules/truffle/build/webpack:/packages/migrate/Migration.js:44:1)\n        at Migration.run (/home/runner/work/neon-compatibility/neon-compatibility/node_modules/truffle/build/webpack:/packages/migrate/Migration.js:217:1)\n        at Object.runMigrations (/home/runner/work/neon-compatibility/neon-compatibility/node_modules/truffle/build/webpack:/packages/migrate/index.js:150:1)\n        at Object.runFrom (/home/runner/work/neon-compatibility/neon-compatibility/node_modules/truffle/build/webpack:/packages/migrate/index.js:110:1)\n        at Object.runAll (/home/runner/work/neon-compatibility/neon-compatibility/node_modules/truffle/build/webpack:/packages/migrate/index.js:114:1)\n        at Object.run (/home/runner/work/neon-compatibility/neon-compatibility/node_modules/truffle/build/webpack:/packages/migrate/index.js:79:1)\n        at Object.run (/home/runner/work/neon-compatibility/neon-compatibility/node_modules/truffle/build/webpack:/packages/core/lib/testing/Test.js:109:1)\n        at Object.run (/home/runner/work/neon-compatibility/neon-compatibility/node_modules/truffle/build/webpack:/packages/core/lib/commands/test/index.js:177:1)\n        at Command.run (/home/runner/work/neon-compatibility/neon-compatibility/node_modules/truffle/build/webpack:/packages/core/lib/command.js:183:1)\n    Truffle v5.4.14 (core: 5.4.14)\n    Node v14.18.1\n    /home/runner/work/neon-compatibility/neon-compatibility\n    - Fetching solc version list from solc-bin. Attempt #1\n    âœ” Downloading compiler. Attempt #1.",
      "children" : [ {
        "name" : "test_contracts[input_data0]",
        "uid" : "5010bed542dce1f0",
        "parentUid" : "eda1cb089f130b8b66a333d69c2fc666",
        "status" : "failed",
        "time" : {
          "start" : 1636983408221,
          "stop" : 1636983420557,
          "duration" : 12336
        },
        "flaky" : false,
        "newFailed" : true,
        "parameters" : [ "InputData(test_file='access/Ownable.test.js', test_files=['access/Ownable.test.js'], contracts=['access/Ownable.sol', 'mocks/OwnableMock.sol', 'mocks/AccessControlMock.sol', 'mocks/AccessControlEnumerableMock.sol', 'access/AccessControlEnumerable.sol', 'access/IAccessControlEnumerable.sol', 'utils/structs/EnumerableSet.sol', 'access/AccessControl.sol', 'utils/Context.sol', 'access/IAccessControl.sol', 'utils/Strings.sol', 'utils/introspection/ERC165.sol', 'utils/introspection/IERC165.sol'], migration_script='2_deploy_contracts.js')" ]
      } ],
      "uid" : "eda1cb089f130b8b66a333d69c2fc666"
    }, {
      "name" : "AssertionError: assert 'Error: Coul... any sources' not in '/home/runne...patibility\\n'\n  'Error: Could not f...ns from any sources' is contained here:\n           ^\n    \n    Error: Could not find artifacts for Migrations from any sources\n        at Resolver.require (/home/runner/work/neon-compatibility/neon-compatibility/node_modules/truffle/build/webpack:/packages/resolver/dist/lib/resolver.js:61:1)\n        at Object.require (/home/runner/work/neon-compatibility/neon-compatibility/node_modules/truffle/build/webpack:/packages/migrate/index.js:172:1)\n        at ResolverIntercept.require (/home/runner/work/neon-compatibility/neon-compatibility/node_modules/truffle/build/webpack:/packages/migrate/ResolverIntercept.js:22:1)\n        at /home/runner/work/neon-compatibility/neon-compatibility/OpenZeppelin/migrations/1_initial_migration.js:1:30\n        at Script.runInContext (vm.js:144:12)\n        at Script.runInNewContext (vm.js:149:17)\n        at Object.file (/home/runner/work/neon-compatibility/neon-compatibility/node_modules/truffle/build/webpack:/packages/require/require.js:94:1)\n        at Migration._load (/home/runner/work/neon-compatibility/neon-compatibility/node_modules/truffle/build/webpack:/packages/migrate/Migration.js:44:1)\n        at Migration.run (/home/runner/work/neon-compatibility/neon-compatibility/node_modules/truffle/build/webpack:/packages/migrate/Migration.js:217:1)\n        at Object.runMigrations (/home/runner/work/neon-compatibility/neon-compatibility/node_modules/truffle/build/webpack:/packages/migrate/index.js:150:1)\n        at Object.runFrom (/home/runner/work/neon-compatibility/neon-compatibility/node_modules/truffle/build/webpack:/packages/migrate/index.js:110:1)\n        at Object.runAll (/home/runner/work/neon-compatibility/neon-compatibility/node_modules/truffle/build/webpack:/packages/migrate/index.js:114:1)\n        at Object.run (/home/runner/work/neon-compatibility/neon-compatibility/node_modules/truffle/build/webpack:/packages/migrate/index.js:79:1)\n        at Object.run (/home/runner/work/neon-compatibility/neon-compatibility/node_modules/truffle/build/webpack:/packages/core/lib/testing/Test.js:109:1)\n        at Object.run (/home/runner/work/neon-compatibility/neon-compatibility/node_modules/truffle/build/webpack:/packages/core/lib/commands/test/index.js:177:1)\n        at Command.run (/home/runner/work/neon-compatibility/neon-compatibility/node_modules/truffle/build/webpack:/packages/core/lib/command.js:183:1)\n    Truffle v5.4.14 (core: 5.4.14)\n    Node v14.18.1\n    /home/runner/work/neon-compatibility/neon-compatibility",
      "children" : [ {
        "name" : "test_contracts[input_data1]",
        "uid" : "d6b853ca1953ac8f",
        "parentUid" : "5d85ee355fae455b239df4519a402066",
        "status" : "failed",
        "time" : {
          "start" : 1636983420704,
          "stop" : 1636983431475,
          "duration" : 10771
        },
        "flaky" : false,
        "newFailed" : true,
        "parameters" : [ "InputData(test_file='access/AccessControl.test.js', test_files=['access/AccessControl.test.js', 'access/AccessControl.behavior.js'], contracts=['mocks/AccessControlMock.sol', 'mocks/AccessControlEnumerableMock.sol', 'access/AccessControlEnumerable.sol', 'access/IAccessControlEnumerable.sol', 'utils/structs/EnumerableSet.sol', 'access/AccessControl.sol', 'utils/Strings.sol', 'utils/introspection/ERC165.sol', 'interfaces/IERC165.sol', 'utils/introspection/IERC165.sol'], migration_script='2_deploy_contracts.js')" ]
      }, {
        "name" : "test_contracts[input_data2]",
        "uid" : "3f52c80749c6f8d3",
        "parentUid" : "5d85ee355fae455b239df4519a402066",
        "status" : "failed",
        "time" : {
          "start" : 1636983431499,
          "stop" : 1636983442233,
          "duration" : 10734
        },
        "flaky" : false,
        "newFailed" : true,
        "parameters" : [ "InputData(test_file='access/AccessControlEnumerable.test.js', test_files=['access/AccessControlEnumerable.test.js', 'access/AccessControl.behavior.js'], contracts=['utils/Strings.sol', 'utils/introspection/ERC165.sol', 'mocks/AccessControlEnumerableMock.sol'], migration_script='2_deploy_contracts.js')" ]
      }, {
        "name" : "test_contracts[input_data3]",
        "uid" : "510b8e2edfd9f45f",
        "parentUid" : "5d85ee355fae455b239df4519a402066",
        "status" : "failed",
        "time" : {
          "start" : 1636983442256,
          "stop" : 1636983454179,
          "duration" : 11923
        },
        "flaky" : false,
        "newFailed" : true,
        "parameters" : [ "InputData(test_file='finance/PaymentSplitter.test.js', test_files=['finance/PaymentSplitter.test.js'], contracts=['finance/PaymentSplitter.sol', 'utils/Address.sol', 'utils/Context.sol', 'access/IAccessControl.sol', 'utils/Strings.sol', 'utils/introspection/ERC165.sol', 'interfaces/IERC165.sol', 'utils/introspection/IERC165.sol'], migration_script='3_deploy_contracts.js')" ]
      } ],
      "uid" : "5d85ee355fae455b239df4519a402066"
    }, {
      "name" : "AssertionError: \n  Compiling your contracts...\n  ===========================\n  > Compiling ./contracts/ERC20Test.sol\n  > Compiling ./contracts/Migrations.sol\n  > Compiling ./contracts/SelfDestructTest.sol\n  > Compiling @openzeppelin/contracts/access/Ownable.sol\n  > Compiling @openzeppelin/contracts/token/ERC20/ERC20.sol\n  > Compiling @openzeppelin/contracts/token/ERC20/IERC20.sol\n  > Compiling @openzeppelin/contracts/token/ERC20/extensions/IERC20Metadata.sol\n  > Compiling @openzeppelin/contracts/utils/Context.sol\n  > Compilation warnings encountered:\n  \n      Warning: SPDX license identifier not provided in source file. Before publishing, consider adding a comment containing \"SPDX-License-Identifier: <SPDX-License>\" to each source file. Use \"SPDX-License-Identifier: UNLICENSED\" for non-open-source code. Please see https://spdx.org for more information.\n  --> project:/contracts/SelfDestructTest.sol\n  \n  ,Warning: This contract has a payable fallback function, but no receive ether function. Consider adding a receive ether function.\n   --> project:/contracts/SelfDestructTest.sol:5:1:\n    |\n  5 | contract SelfDestructTest is Ownable{\n    | ^ (Relevant source part starts here and spans across multiple lines).\n  Note: The payable fallback function is defined here.\n    --> project:/contracts/SelfDestructTest.sol:20:5:\n     |\n  20 |     fallback() external payable {}\n     |     ^^^^^^^^^^^^^^^^^^^^^^^^^^^^^^\n  \n  ,Warning: Function state mutability can be restricted to pure\n    --> project:/contracts/SelfDestructTest.sol:12:5:\n     |\n  12 |     function staticData() public view returns(string memory) {\n     |     ^ (Relevant source part starts here and spans across multiple lines).\n  \n  \n  > Artifacts written to /home/runner/work/neon-compatibility/neon-compatibility/issues/364/build/contracts\n  > Compiled successfully using:\n     - solc: 0.8.4+commit.c7e474f2.Emscripten.clang\n  \n  \n  \n  Starting migrations...\n  ======================\n  > Network name:    'neonlabs'\n  > Network id:      111\n  > Block gas limit: 6721975 (0x6691b7)\n  \n  \n  3_selfDestructTest.js\n  =====================\n  \n     Deploying 'SelfDestructTest'\n     ----------------------------\n     > transaction hash:    0x8f17bc7ef3935e2b6707aa3cae2aabc15f78498fd7c8bb5b1ad7507a1a22b38d\n  - Blocks: 0            Seconds: 0\n  \n  /home/runner/work/neon-compatibility/neon-compatibility/node_modules/request/request.js:848\n            var e = new Error('ETIMEDOUT')\n                    ^\n  Error: PollingBlockTracker - encountered an error while attempting to update latest block:\n  Error: ETIMEDOUT\n      at Timeout.<anonymous> (/home/runner/work/neon-compatibility/neon-compatibility/node_modules/request/request.js:848:19)\n      at listOnTimeout (internal/timers.js:557:17)\n      at processTimers (internal/timers.js:500:7)\n      at PollingBlockTracker._performSync (/home/runner/work/neon-compatibility/neon-compatibility/node_modules/eth-block-tracker/src/polling.js:51:24)\n      at runMicrotasks (<anonymous>)\n      at processTicksAndRejections (internal/process/task_queues.js:95:5)\n  \nassert 1 == 0\n +  where 1 = CompletedProcess(args='cd issues/364; ../../node_modules/.bin/truffle --network neonlabs migrate -f 3 --to 3', returnc...51:24)\\n    at runMicrotasks (<anonymous>)\\n    at processTicksAndRejections (internal/process/task_queues.js:95:5)\\n\").returncode",
      "children" : [ {
        "name" : "test_issue_364_self_destruct_contract",
        "uid" : "3caa5698727f61c1",
        "parentUid" : "cb90bd1140b14edef97f8a15efad4b69",
        "status" : "failed",
        "time" : {
          "start" : 1636983454262,
          "stop" : 1636983587889,
          "duration" : 133627
        },
        "flaky" : false,
        "newFailed" : true,
        "parameters" : [ ]
      } ],
      "uid" : "cb90bd1140b14edef97f8a15efad4b69"
    } ],
    "uid" : "8fb3a91ba5aaf9de24cc8a92edc82b5d"
  } ],
  "name" : "categories"
}