{
  "uid" : "6cfb92faf6156455",
  "name" : "test_truffle_migration",
  "fullName" : "tests.truffle.test_truffle#test_truffle_migration",
  "historyId" : "e63c5a1b531c2472845045a6f65cedaf",
  "time" : {
    "start" : 1639137980859,
    "stop" : 1639138041031,
    "duration" : 60172
  },
  "status" : "failed",
  "statusMessage" : "AssertionError: assert 'Error:  ***...t Failed ***' not in '/home/runne...patibility\\n'\n  'Error:  *** Deployment Failed ***' is contained here:\n    --------\n    \n    Error:  *** Deployment Failed ***\n    \n    \"Migrations\" -- ESOCKETTIMEDOUT\n    {\n      \"originalError\": {\n        \"code\": \"ESOCKETTIMEDOUT\",\n        \"connect\": false\n      }\n    }.\n    \n        at /home/runner/work/neon-compatibility/neon-compatibility/node_modules/truffle/build/webpack:/packages/deployer/src/deployment.js:365:1\n        at runMicrotasks (<anonymous>)\n        at processTicksAndRejections (node:internal/process/task_queues:96:5)\n        at Migration._deploy (/home/runner/work/neon-compatibility/neon-compatibility/node_modules/truffle/build/webpack:/packages/migrate/Migration.js:70:1)\n        at Migration._load (/home/runner/work/neon-compatibility/neon-compatibility/node_modules/truffle/build/webpack:/packages/migrate/Migration.js:56:1)\n        at Migration.run (/home/runner/work/neon-compatibility/neon-compatibility/node_modules/truffle/build/webpack:/packages/migrate/Migration.js:217:1)\n        at Object.runMigrations (/home/runner/work/neon-compatibility/neon-compatibility/node_modules/truffle/build/webpack:/packages/migrate/index.js:150:1)\n        at Object.runFrom (/home/runner/work/neon-compatibility/neon-compatibility/node_modules/truffle/build/webpack:/packages/migrate/index.js:110:1)\n        at Object.run (/home/runner/work/neon-compatibility/neon-compatibility/node_modules/truffle/build/webpack:/packages/migrate/index.js:87:1)\n        at runMigrations (/home/runner/work/neon-compatibility/neon-compatibility/node_modules/truffle/build/webpack:/packages/core/lib/commands/migrate.js:258:1)\n        at Object.run (/home/runner/work/neon-compatibility/neon-compatibility/node_modules/truffle/build/webpack:/packages/core/lib/commands/migrate.js:223:1)\n        at Command.run (/home/runner/work/neon-compatibility/neon-compatibility/node_modules/truffle/build/webpack:/packages/core/lib/command.js:183:1)\n    Truffle v5.4.14 (core: 5.4.14)\n    Node v16.13.0\n    /home/runner/work/neon-compatibility/neon-compatibility",
  "statusTrace" : "@allure.feature(FEATURE)\n    def test_truffle_migration():\n        # truffle migrate --network neonlabs\n        cmd_res = run_command_line(\n            f\"{Subfolder.CD_METACOIN} {RunCommand.TRUFFLE} \" +\n            f\"migrate --network {NETWORK_NAME} {CD_BACK}\")\n        actual_result = cmd_res.stdout.decode() + cmd_res.stderr.decode()\n        assert cmd_res.returncode == 0, actual_result\n        assert TruffleBasedError.ERROR_NO_ATTRIBUTE_ETH_ACCOUNTS \\\n            not in actual_result\n        assert TruffleError.ERROR_COULD_NOT_CONNECT not in actual_result\n        assert TruffleError.ERROR_NOT_AUTHORIZED not in actual_result\n        assert TruffleError.ERROR_TIMEOUT not in actual_result\n        assert TruffleError.ERROR_CANNOT_READ_PROPERTIES not in actual_result\n>       assert TruffleError.ERROR_DEPLOYMENT_FAILED not in actual_result\nE       assert 'Error:  ***...t Failed ***' not in '/home/runne...patibility\\n'\nE         'Error:  *** Deployment Failed ***' is contained here:\nE           --------\nE           \nE           Error:  *** Deployment Failed ***\nE           \nE           \"Migrations\" -- ESOCKETTIMEDOUT\nE           {\nE             \"originalError\": {\nE               \"code\": \"ESOCKETTIMEDOUT\",\nE               \"connect\": false\nE             }\nE           }.\nE           \nE               at /home/runner/work/neon-compatibility/neon-compatibility/node_modules/truffle/build/webpack:/packages/deployer/src/deployment.js:365:1\nE               at runMicrotasks (<anonymous>)\nE               at processTicksAndRejections (node:internal/process/task_queues:96:5)\nE               at Migration._deploy (/home/runner/work/neon-compatibility/neon-compatibility/node_modules/truffle/build/webpack:/packages/migrate/Migration.js:70:1)\nE               at Migration._load (/home/runner/work/neon-compatibility/neon-compatibility/node_modules/truffle/build/webpack:/packages/migrate/Migration.js:56:1)\nE               at Migration.run (/home/runner/work/neon-compatibility/neon-compatibility/node_modules/truffle/build/webpack:/packages/migrate/Migration.js:217:1)\nE               at Object.runMigrations (/home/runner/work/neon-compatibility/neon-compatibility/node_modules/truffle/build/webpack:/packages/migrate/index.js:150:1)\nE               at Object.runFrom (/home/runner/work/neon-compatibility/neon-compatibility/node_modules/truffle/build/webpack:/packages/migrate/index.js:110:1)\nE               at Object.run (/home/runner/work/neon-compatibility/neon-compatibility/node_modules/truffle/build/webpack:/packages/migrate/index.js:87:1)\nE               at runMigrations (/home/runner/work/neon-compatibility/neon-compatibility/node_modules/truffle/build/webpack:/packages/core/lib/commands/migrate.js:258:1)\nE               at Object.run (/home/runner/work/neon-compatibility/neon-compatibility/node_modules/truffle/build/webpack:/packages/core/lib/commands/migrate.js:223:1)\nE               at Command.run (/home/runner/work/neon-compatibility/neon-compatibility/node_modules/truffle/build/webpack:/packages/core/lib/command.js:183:1)\nE           Truffle v5.4.14 (core: 5.4.14)\nE           Node v16.13.0\nE           /home/runner/work/neon-compatibility/neon-compatibility\n\ntests/truffle/test_truffle.py:36: AssertionError",
  "flaky" : false,
  "newFailed" : true,
  "newBroken" : false,
  "newPassed" : false,
  "retriesCount" : 0,
  "retriesStatusChange" : false,
  "beforeStages" : [ {
    "name" : "prepare_truffle_config",
    "time" : {
      "start" : 1639137980846,
      "stop" : 1639137980859,
      "duration" : 13
    },
    "status" : "passed",
    "steps" : [ {
      "name" : "Preset variables",
      "time" : {
        "start" : 1639137980846,
        "stop" : 1639137980858,
        "duration" : 12
      },
      "status" : "passed",
      "steps" : [ ],
      "attachments" : [ ],
      "parameters" : [ ],
      "stepsCount" : 0,
      "attachmentsCount" : 0,
      "shouldDisplayMessage" : false,
      "hasContent" : false
    }, {
      "name" : "Clean up folder \"'/home/runner/work/neon-compatibility/neon-compatibility/Metacoin/build/contracts'\"",
      "time" : {
        "start" : 1639137980859,
        "stop" : 1639137980859,
        "duration" : 0
      },
      "status" : "passed",
      "steps" : [ ],
      "attachments" : [ ],
      "parameters" : [ {
        "name" : "folder",
        "value" : "'/home/runner/work/neon-compatibility/neon-compatibility/Metacoin/build/contracts'"
      } ],
      "stepsCount" : 0,
      "attachmentsCount" : 0,
      "shouldDisplayMessage" : false,
      "hasContent" : true
    } ],
    "attachments" : [ ],
    "parameters" : [ ],
    "stepsCount" : 2,
    "attachmentsCount" : 0,
    "shouldDisplayMessage" : false,
    "hasContent" : true
  } ],
  "testStage" : {
    "status" : "failed",
    "statusMessage" : "AssertionError: assert 'Error:  ***...t Failed ***' not in '/home/runne...patibility\\n'\n  'Error:  *** Deployment Failed ***' is contained here:\n    --------\n    \n    Error:  *** Deployment Failed ***\n    \n    \"Migrations\" -- ESOCKETTIMEDOUT\n    {\n      \"originalError\": {\n        \"code\": \"ESOCKETTIMEDOUT\",\n        \"connect\": false\n      }\n    }.\n    \n        at /home/runner/work/neon-compatibility/neon-compatibility/node_modules/truffle/build/webpack:/packages/deployer/src/deployment.js:365:1\n        at runMicrotasks (<anonymous>)\n        at processTicksAndRejections (node:internal/process/task_queues:96:5)\n        at Migration._deploy (/home/runner/work/neon-compatibility/neon-compatibility/node_modules/truffle/build/webpack:/packages/migrate/Migration.js:70:1)\n        at Migration._load (/home/runner/work/neon-compatibility/neon-compatibility/node_modules/truffle/build/webpack:/packages/migrate/Migration.js:56:1)\n        at Migration.run (/home/runner/work/neon-compatibility/neon-compatibility/node_modules/truffle/build/webpack:/packages/migrate/Migration.js:217:1)\n        at Object.runMigrations (/home/runner/work/neon-compatibility/neon-compatibility/node_modules/truffle/build/webpack:/packages/migrate/index.js:150:1)\n        at Object.runFrom (/home/runner/work/neon-compatibility/neon-compatibility/node_modules/truffle/build/webpack:/packages/migrate/index.js:110:1)\n        at Object.run (/home/runner/work/neon-compatibility/neon-compatibility/node_modules/truffle/build/webpack:/packages/migrate/index.js:87:1)\n        at runMigrations (/home/runner/work/neon-compatibility/neon-compatibility/node_modules/truffle/build/webpack:/packages/core/lib/commands/migrate.js:258:1)\n        at Object.run (/home/runner/work/neon-compatibility/neon-compatibility/node_modules/truffle/build/webpack:/packages/core/lib/commands/migrate.js:223:1)\n        at Command.run (/home/runner/work/neon-compatibility/neon-compatibility/node_modules/truffle/build/webpack:/packages/core/lib/command.js:183:1)\n    Truffle v5.4.14 (core: 5.4.14)\n    Node v16.13.0\n    /home/runner/work/neon-compatibility/neon-compatibility",
    "statusTrace" : "@allure.feature(FEATURE)\n    def test_truffle_migration():\n        # truffle migrate --network neonlabs\n        cmd_res = run_command_line(\n            f\"{Subfolder.CD_METACOIN} {RunCommand.TRUFFLE} \" +\n            f\"migrate --network {NETWORK_NAME} {CD_BACK}\")\n        actual_result = cmd_res.stdout.decode() + cmd_res.stderr.decode()\n        assert cmd_res.returncode == 0, actual_result\n        assert TruffleBasedError.ERROR_NO_ATTRIBUTE_ETH_ACCOUNTS \\\n            not in actual_result\n        assert TruffleError.ERROR_COULD_NOT_CONNECT not in actual_result\n        assert TruffleError.ERROR_NOT_AUTHORIZED not in actual_result\n        assert TruffleError.ERROR_TIMEOUT not in actual_result\n        assert TruffleError.ERROR_CANNOT_READ_PROPERTIES not in actual_result\n>       assert TruffleError.ERROR_DEPLOYMENT_FAILED not in actual_result\nE       assert 'Error:  ***...t Failed ***' not in '/home/runne...patibility\\n'\nE         'Error:  *** Deployment Failed ***' is contained here:\nE           --------\nE           \nE           Error:  *** Deployment Failed ***\nE           \nE           \"Migrations\" -- ESOCKETTIMEDOUT\nE           {\nE             \"originalError\": {\nE               \"code\": \"ESOCKETTIMEDOUT\",\nE               \"connect\": false\nE             }\nE           }.\nE           \nE               at /home/runner/work/neon-compatibility/neon-compatibility/node_modules/truffle/build/webpack:/packages/deployer/src/deployment.js:365:1\nE               at runMicrotasks (<anonymous>)\nE               at processTicksAndRejections (node:internal/process/task_queues:96:5)\nE               at Migration._deploy (/home/runner/work/neon-compatibility/neon-compatibility/node_modules/truffle/build/webpack:/packages/migrate/Migration.js:70:1)\nE               at Migration._load (/home/runner/work/neon-compatibility/neon-compatibility/node_modules/truffle/build/webpack:/packages/migrate/Migration.js:56:1)\nE               at Migration.run (/home/runner/work/neon-compatibility/neon-compatibility/node_modules/truffle/build/webpack:/packages/migrate/Migration.js:217:1)\nE               at Object.runMigrations (/home/runner/work/neon-compatibility/neon-compatibility/node_modules/truffle/build/webpack:/packages/migrate/index.js:150:1)\nE               at Object.runFrom (/home/runner/work/neon-compatibility/neon-compatibility/node_modules/truffle/build/webpack:/packages/migrate/index.js:110:1)\nE               at Object.run (/home/runner/work/neon-compatibility/neon-compatibility/node_modules/truffle/build/webpack:/packages/migrate/index.js:87:1)\nE               at runMigrations (/home/runner/work/neon-compatibility/neon-compatibility/node_modules/truffle/build/webpack:/packages/core/lib/commands/migrate.js:258:1)\nE               at Object.run (/home/runner/work/neon-compatibility/neon-compatibility/node_modules/truffle/build/webpack:/packages/core/lib/commands/migrate.js:223:1)\nE               at Command.run (/home/runner/work/neon-compatibility/neon-compatibility/node_modules/truffle/build/webpack:/packages/core/lib/command.js:183:1)\nE           Truffle v5.4.14 (core: 5.4.14)\nE           Node v16.13.0\nE           /home/runner/work/neon-compatibility/neon-compatibility\n\ntests/truffle/test_truffle.py:36: AssertionError",
    "steps" : [ {
      "name" : "Run command: \"'cd Metacoin; pwd; ../node_modules/.bin/truffle migrate --network neonlabs ; cd \"/home/runner/work/neon-compatibility/neon-compatibility\"; pwd;'\"",
      "time" : {
        "start" : 1639137980860,
        "stop" : 1639138041030,
        "duration" : 60170
      },
      "status" : "passed",
      "steps" : [ ],
      "attachments" : [ ],
      "parameters" : [ {
        "name" : "command",
        "value" : "'cd Metacoin; pwd; ../node_modules/.bin/truffle migrate --network neonlabs ; cd \"/home/runner/work/neon-compatibility/neon-compatibility\"; pwd;'"
      } ],
      "stepsCount" : 0,
      "attachmentsCount" : 0,
      "shouldDisplayMessage" : false,
      "hasContent" : true
    } ],
    "attachments" : [ {
      "uid" : "cd149b6d0b0c9c09",
      "name" : "stdout",
      "source" : "cd149b6d0b0c9c09.txt",
      "type" : "text/plain",
      "size" : 3420
    } ],
    "parameters" : [ ],
    "stepsCount" : 1,
    "attachmentsCount" : 1,
    "shouldDisplayMessage" : true,
    "hasContent" : true
  },
  "afterStages" : [ {
    "name" : "prepare_truffle_config::0",
    "time" : {
      "start" : 1639138041037,
      "stop" : 1639138041037,
      "duration" : 0
    },
    "status" : "passed",
    "steps" : [ ],
    "attachments" : [ ],
    "parameters" : [ ],
    "stepsCount" : 0,
    "attachmentsCount" : 0,
    "shouldDisplayMessage" : false,
    "hasContent" : false
  } ],
  "labels" : [ {
    "name" : "feature",
    "value" : "Truffle"
  }, {
    "name" : "parentSuite",
    "value" : "tests.truffle"
  }, {
    "name" : "suite",
    "value" : "test_truffle"
  }, {
    "name" : "host",
    "value" : "fv-az81-402"
  }, {
    "name" : "thread",
    "value" : "4887-MainThread"
  }, {
    "name" : "framework",
    "value" : "pytest"
  }, {
    "name" : "language",
    "value" : "cpython3"
  }, {
    "name" : "package",
    "value" : "tests.truffle.test_truffle"
  }, {
    "name" : "resultFormat",
    "value" : "allure2"
  } ],
  "parameters" : [ ],
  "links" : [ ],
  "hidden" : false,
  "retry" : false,
  "extra" : {
    "severity" : "normal",
    "retries" : [ ],
    "categories" : [ {
      "name" : "Product defects",
      "matchedStatuses" : [ ],
      "flaky" : false
    } ],
    "history" : {
      "statistic" : {
        "failed" : 1,
        "broken" : 0,
        "skipped" : 0,
        "passed" : 2,
        "unknown" : 0,
        "total" : 3
      },
      "items" : [ {
        "uid" : "8aac8f3e9b556051",
        "reportUrl" : "https://gigimon.github.io/neon-compatibility/53//#testresult/8aac8f3e9b556051",
        "status" : "passed",
        "time" : {
          "start" : 1639098545368,
          "stop" : 1639098545372,
          "duration" : 4
        }
      }, {
        "uid" : "eeaa4c87293410b4",
        "reportUrl" : "https://gigimon.github.io/neon-compatibility/49//#testresult/eeaa4c87293410b4",
        "status" : "passed",
        "time" : {
          "start" : 1639052047201,
          "stop" : 1639052089433,
          "duration" : 42232
        }
      } ]
    },
    "tags" : [ ]
  },
  "source" : "6cfb92faf6156455.json",
  "parameterValues" : [ ]
}